This file contains any messages produced by compilers while
running configure, to aid debugging if configure makes a mistake.

It was created by newhybrids configure 2.0beta, which was
generated by GNU Autoconf 2.69.  Invocation command line was

  $ ./configure --without-x

## --------- ##
## Platform. ##
## --------- ##

hostname = eriqbox.local
uname -m = x86_64
uname -r = 13.2.0
uname -s = Darwin
uname -v = Darwin Kernel Version 13.2.0: Thu Apr 17 23:03:13 PDT 2014; root:xnu-2422.100.13~1/RELEASE_X86_64

/usr/bin/uname -p = i386
/bin/uname -X     = unknown

/bin/arch              = unknown
/usr/bin/arch -k       = unknown
/usr/convex/getsysinfo = unknown
/usr/bin/hostinfo      = Mach kernel version:
	 Darwin Kernel Version 13.2.0: Thu Apr 17 23:03:13 PDT 2014; root:xnu-2422.100.13~1/RELEASE_X86_64
Kernel configured for up to 2 processors.
2 processors are physically available.
2 processors are logically available.
Processor type: i486 (Intel 80486)
Processors active: 0 1
Primary memory available: 4.00 gigabytes
Default processor set: 187 tasks, 766 threads, 2 processors
Load average: 1.05, Mach factor: 0.94
/bin/machine           = unknown
/usr/bin/oslevel       = unknown
/bin/universe          = unknown

PATH: /Applications/B1FreeArchiver.app/Contents/MacOS
PATH: /opt/subversion/bin
PATH: /opt/mingw/bin
PATH: /usr/bin
PATH: /bin
PATH: /usr/sbin
PATH: /sbin
PATH: /usr/local/bin
PATH: /opt/X11/bin
PATH: /usr/local/git/bin
PATH: /usr/texbin
PATH: /usr/local/bin
PATH: /usr/local/lib
PATH: /usr/X11R6/bin
PATH: /usr/X11R6/lib
PATH: /usr/X11R6/include/X11
PATH: /usr/bin
PATH: /bin
PATH: /usr/local/sbin
PATH: /usr/sbin
PATH: /sbin
PATH: /usr/lib
PATH: /usr/local/squid/bin
PATH: /Users/eriq/bin
PATH: /Users/eriq/.myaliases
PATH: .
PATH: /Users/eriq/Documents/eca_code/DISTS/distscripts
PATH: /Users/eriq/Documents/eca_code/PRwP/scripts
PATH: /Users/eriq/Documents/eca_code/PRwP/testscripts


## ----------- ##
## Core tests. ##
## ----------- ##

configure:2268: checking for a BSD-compatible install
configure:2336: result: /usr/bin/install -c
configure:2347: checking whether build environment is sane
configure:2402: result: yes
configure:2553: checking for a thread-safe mkdir -p
configure:2592: result: ./install-sh -c -d
configure:2599: checking for gawk
configure:2629: result: no
configure:2599: checking for mawk
configure:2629: result: no
configure:2599: checking for nawk
configure:2629: result: no
configure:2599: checking for awk
configure:2615: found /usr/bin/awk
configure:2626: result: awk
configure:2637: checking whether make sets $(MAKE)
configure:2659: result: yes
configure:2688: checking whether make supports nested variables
configure:2705: result: yes
configure:2834: checking build system type
configure:2848: result: x86_64-apple-darwin13.2.0
configure:2868: checking host system type
configure:2881: result: x86_64-apple-darwin13.2.0
configure:2913: checking for style of include used by make
configure:2941: result: GNU
configure:3012: checking for gcc
configure:3028: found /usr/bin/gcc
configure:3039: result: gcc
configure:3268: checking for C compiler version
configure:3277: gcc --version >&5
Apple LLVM version 5.1 (clang-503.0.40) (based on LLVM 3.4svn)
Target: x86_64-apple-darwin13.2.0
Thread model: posix
Configured with: --prefix=/Library/Developer/CommandLineTools/usr --with-gxx-include-dir=/usr/include/c++/4.2.1
configure:3288: $? = 0
configure:3277: gcc -v >&5
Configured with: --prefix=/Library/Developer/CommandLineTools/usr --with-gxx-include-dir=/usr/include/c++/4.2.1
Apple LLVM version 5.1 (clang-503.0.40) (based on LLVM 3.4svn)
Target: x86_64-apple-darwin13.2.0
Thread model: posix
configure:3288: $? = 0
configure:3277: gcc -V >&5
clang: error: argument to '-V' is missing (expected 1 value)
clang: error: no input files
configure:3288: $? = 1
configure:3277: gcc -qversion >&5
clang: error: unknown argument: '-qversion' [-Wunused-command-line-argument-hard-error-in-future]
clang: note: this will be a hard error (cannot be downgraded to a warning) in the future
clang: error: no input files
configure:3288: $? = 1
configure:3308: checking whether the C compiler works
configure:3330: gcc    conftest.c  >&5
configure:3334: $? = 0
configure:3382: result: yes
configure:3385: checking for C compiler default output file name
configure:3387: result: a.out
configure:3393: checking for suffix of executables
configure:3400: gcc -o conftest    conftest.c  >&5
configure:3404: $? = 0
configure:3426: result: 
configure:3448: checking whether we are cross compiling
configure:3456: gcc -o conftest    conftest.c  >&5
configure:3460: $? = 0
configure:3467: ./conftest
configure:3471: $? = 0
configure:3486: result: no
configure:3491: checking for suffix of object files
configure:3513: gcc -c   conftest.c >&5
configure:3517: $? = 0
configure:3538: result: o
configure:3542: checking whether we are using the GNU C compiler
configure:3561: gcc -c   conftest.c >&5
configure:3561: $? = 0
configure:3570: result: yes
configure:3579: checking whether gcc accepts -g
configure:3599: gcc -c -g  conftest.c >&5
configure:3599: $? = 0
configure:3640: result: yes
configure:3657: checking for gcc option to accept ISO C89
configure:3720: gcc  -c -g -O2  conftest.c >&5
configure:3720: $? = 0
configure:3733: result: none needed
configure:3758: checking whether gcc understands -c and -o together
configure:3780: gcc -c conftest.c -o conftest2.o
configure:3783: $? = 0
configure:3780: gcc -c conftest.c -o conftest2.o
configure:3783: $? = 0
configure:3795: result: yes
configure:3814: checking dependency style of gcc
configure:3925: result: gcc3
configure:3946: checking how to run the C preprocessor
configure:3977: gcc -E  conftest.c
configure:3977: $? = 0
configure:3991: gcc -E  conftest.c
conftest.c:11:10: fatal error: 'ac_nonexistent.h' file not found
#include <ac_nonexistent.h>
         ^
1 error generated.
configure:3991: $? = 1
configure: failed program was:
| /* confdefs.h */
| #define PACKAGE_NAME "newhybrids"
| #define PACKAGE_TARNAME "newhybrids"
| #define PACKAGE_VERSION "2.0beta"
| #define PACKAGE_STRING "newhybrids 2.0beta"
| #define PACKAGE_BUGREPORT ""
| #define PACKAGE_URL ""
| #define PACKAGE "newhybrids"
| #define VERSION "2.0beta"
| /* end confdefs.h.  */
| #include <ac_nonexistent.h>
configure:4016: result: gcc -E
configure:4036: gcc -E  conftest.c
configure:4036: $? = 0
configure:4050: gcc -E  conftest.c
conftest.c:11:10: fatal error: 'ac_nonexistent.h' file not found
#include <ac_nonexistent.h>
         ^
1 error generated.
configure:4050: $? = 1
configure: failed program was:
| /* confdefs.h */
| #define PACKAGE_NAME "newhybrids"
| #define PACKAGE_TARNAME "newhybrids"
| #define PACKAGE_VERSION "2.0beta"
| #define PACKAGE_STRING "newhybrids 2.0beta"
| #define PACKAGE_BUGREPORT ""
| #define PACKAGE_URL ""
| #define PACKAGE "newhybrids"
| #define VERSION "2.0beta"
| /* end confdefs.h.  */
| #include <ac_nonexistent.h>
configure:4079: checking for X
configure:4257: result: disabled
configure:4272: checking for a sed that does not truncate output
configure:4336: result: /usr/bin/sed
configure:4341: checking for grep that handles long lines and -e
configure:4399: result: /usr/bin/grep
configure:4404: checking for egrep
configure:4466: result: /usr/bin/grep -E
configure:4471: checking for ANSI C header files
configure:4491: gcc -c -g -O2  conftest.c >&5
configure:4491: $? = 0
configure:4564: gcc -o conftest -g -O2   conftest.c  >&5
configure:4564: $? = 0
configure:4564: ./conftest
configure:4564: $? = 0
configure:4575: result: yes
configure:4588: checking for sys/types.h
configure:4588: gcc -c -g -O2  conftest.c >&5
configure:4588: $? = 0
configure:4588: result: yes
configure:4588: checking for sys/stat.h
configure:4588: gcc -c -g -O2  conftest.c >&5
configure:4588: $? = 0
configure:4588: result: yes
configure:4588: checking for stdlib.h
configure:4588: gcc -c -g -O2  conftest.c >&5
configure:4588: $? = 0
configure:4588: result: yes
configure:4588: checking for string.h
configure:4588: gcc -c -g -O2  conftest.c >&5
configure:4588: $? = 0
configure:4588: result: yes
configure:4588: checking for memory.h
configure:4588: gcc -c -g -O2  conftest.c >&5
configure:4588: $? = 0
configure:4588: result: yes
configure:4588: checking for strings.h
configure:4588: gcc -c -g -O2  conftest.c >&5
configure:4588: $? = 0
configure:4588: result: yes
configure:4588: checking for inttypes.h
configure:4588: gcc -c -g -O2  conftest.c >&5
configure:4588: $? = 0
configure:4588: result: yes
configure:4588: checking for stdint.h
configure:4588: gcc -c -g -O2  conftest.c >&5
configure:4588: $? = 0
configure:4588: result: yes
configure:4588: checking for unistd.h
configure:4588: gcc -c -g -O2  conftest.c >&5
configure:4588: $? = 0
configure:4588: result: yes
configure:4607: checking whether we are using the Microsoft C compiler
configure:4626: gcc -c -g -O2  conftest.c >&5
conftest.c:26:8: error: use of undeclared identifier 'choke'
       choke me
       ^
1 error generated.
configure:4626: $? = 1
configure: failed program was:
| /* confdefs.h */
| #define PACKAGE_NAME "newhybrids"
| #define PACKAGE_TARNAME "newhybrids"
| #define PACKAGE_VERSION "2.0beta"
| #define PACKAGE_STRING "newhybrids 2.0beta"
| #define PACKAGE_BUGREPORT ""
| #define PACKAGE_URL ""
| #define PACKAGE "newhybrids"
| #define VERSION "2.0beta"
| #define STDC_HEADERS 1
| #define HAVE_SYS_TYPES_H 1
| #define HAVE_SYS_STAT_H 1
| #define HAVE_STDLIB_H 1
| #define HAVE_STRING_H 1
| #define HAVE_MEMORY_H 1
| #define HAVE_STRINGS_H 1
| #define HAVE_INTTYPES_H 1
| #define HAVE_STDINT_H 1
| #define HAVE_UNISTD_H 1
| /* end confdefs.h.  */
| 
| int
| main ()
| {
| #ifndef _MSC_VER
|        choke me
| #endif
| 
|   ;
|   return 0;
| }
configure:4635: result: no
configure:4648: checking windows.h usability
configure:4648: gcc -c -g -O2  conftest.c >&5
conftest.c:54:10: fatal error: 'windows.h' file not found
#include <windows.h>
         ^
1 error generated.
configure:4648: $? = 1
configure: failed program was:
| /* confdefs.h */
| #define PACKAGE_NAME "newhybrids"
| #define PACKAGE_TARNAME "newhybrids"
| #define PACKAGE_VERSION "2.0beta"
| #define PACKAGE_STRING "newhybrids 2.0beta"
| #define PACKAGE_BUGREPORT ""
| #define PACKAGE_URL ""
| #define PACKAGE "newhybrids"
| #define VERSION "2.0beta"
| #define STDC_HEADERS 1
| #define HAVE_SYS_TYPES_H 1
| #define HAVE_SYS_STAT_H 1
| #define HAVE_STDLIB_H 1
| #define HAVE_STRING_H 1
| #define HAVE_MEMORY_H 1
| #define HAVE_STRINGS_H 1
| #define HAVE_INTTYPES_H 1
| #define HAVE_STDINT_H 1
| #define HAVE_UNISTD_H 1
| /* end confdefs.h.  */
| #include <stdio.h>
| #ifdef HAVE_SYS_TYPES_H
| # include <sys/types.h>
| #endif
| #ifdef HAVE_SYS_STAT_H
| # include <sys/stat.h>
| #endif
| #ifdef STDC_HEADERS
| # include <stdlib.h>
| # include <stddef.h>
| #else
| # ifdef HAVE_STDLIB_H
| #  include <stdlib.h>
| # endif
| #endif
| #ifdef HAVE_STRING_H
| # if !defined STDC_HEADERS && defined HAVE_MEMORY_H
| #  include <memory.h>
| # endif
| # include <string.h>
| #endif
| #ifdef HAVE_STRINGS_H
| # include <strings.h>
| #endif
| #ifdef HAVE_INTTYPES_H
| # include <inttypes.h>
| #endif
| #ifdef HAVE_STDINT_H
| # include <stdint.h>
| #endif
| #ifdef HAVE_UNISTD_H
| # include <unistd.h>
| #endif
| #include <windows.h>
configure:4648: result: no
configure:4648: checking windows.h presence
configure:4648: gcc -E  conftest.c
conftest.c:21:10: fatal error: 'windows.h' file not found
#include <windows.h>
         ^
1 error generated.
configure:4648: $? = 1
configure: failed program was:
| /* confdefs.h */
| #define PACKAGE_NAME "newhybrids"
| #define PACKAGE_TARNAME "newhybrids"
| #define PACKAGE_VERSION "2.0beta"
| #define PACKAGE_STRING "newhybrids 2.0beta"
| #define PACKAGE_BUGREPORT ""
| #define PACKAGE_URL ""
| #define PACKAGE "newhybrids"
| #define VERSION "2.0beta"
| #define STDC_HEADERS 1
| #define HAVE_SYS_TYPES_H 1
| #define HAVE_SYS_STAT_H 1
| #define HAVE_STDLIB_H 1
| #define HAVE_STRING_H 1
| #define HAVE_MEMORY_H 1
| #define HAVE_STRINGS_H 1
| #define HAVE_INTTYPES_H 1
| #define HAVE_STDINT_H 1
| #define HAVE_UNISTD_H 1
| /* end confdefs.h.  */
| #include <windows.h>
configure:4648: result: no
configure:4648: checking for windows.h
configure:4648: result: no
configure:4664: checking for GL/gl.h
configure:4664: gcc -c -g -O2   conftest.c >&5
conftest.c:27:10: fatal error: 'GL/gl.h' file not found
#include <GL/gl.h>
         ^
1 error generated.
configure:4664: $? = 1
configure: failed program was:
| /* confdefs.h */
| #define PACKAGE_NAME "newhybrids"
| #define PACKAGE_TARNAME "newhybrids"
| #define PACKAGE_VERSION "2.0beta"
| #define PACKAGE_STRING "newhybrids 2.0beta"
| #define PACKAGE_BUGREPORT ""
| #define PACKAGE_URL ""
| #define PACKAGE "newhybrids"
| #define VERSION "2.0beta"
| #define STDC_HEADERS 1
| #define HAVE_SYS_TYPES_H 1
| #define HAVE_SYS_STAT_H 1
| #define HAVE_STDLIB_H 1
| #define HAVE_STRING_H 1
| #define HAVE_MEMORY_H 1
| #define HAVE_STRINGS_H 1
| #define HAVE_INTTYPES_H 1
| #define HAVE_STDINT_H 1
| #define HAVE_UNISTD_H 1
| /* end confdefs.h.  */
| 
| # if defined(HAVE_WINDOWS_H) && defined(_WIN32)
| #   include <windows.h>
| # endif
| 
| 
| #include <GL/gl.h>
configure:4664: result: no
configure:4664: checking for OpenGL/gl.h
configure:4664: gcc -c -g -O2   conftest.c >&5
configure:4664: $? = 0
configure:4664: result: yes
configure:4685: checking for OpenGL library
configure:4732: gcc -o conftest -g -O2     conftest.c -lopengl32  >&5
ld: library not found for -lopengl32
clang: error: linker command failed with exit code 1 (use -v to see invocation)
configure:4732: $? = 1
configure: failed program was:
| /* confdefs.h */
| #define PACKAGE_NAME "newhybrids"
| #define PACKAGE_TARNAME "newhybrids"
| #define PACKAGE_VERSION "2.0beta"
| #define PACKAGE_STRING "newhybrids 2.0beta"
| #define PACKAGE_BUGREPORT ""
| #define PACKAGE_URL ""
| #define PACKAGE "newhybrids"
| #define VERSION "2.0beta"
| #define STDC_HEADERS 1
| #define HAVE_SYS_TYPES_H 1
| #define HAVE_SYS_STAT_H 1
| #define HAVE_STDLIB_H 1
| #define HAVE_STRING_H 1
| #define HAVE_MEMORY_H 1
| #define HAVE_STRINGS_H 1
| #define HAVE_INTTYPES_H 1
| #define HAVE_STDINT_H 1
| #define HAVE_UNISTD_H 1
| #define HAVE_OPENGL_GL_H 1
| /* end confdefs.h.  */
| 
| # if defined(HAVE_WINDOWS_H) && defined(_WIN32)
| #   include <windows.h>
| # endif
| # ifdef HAVE_GL_GL_H
| #   include <GL/gl.h>
| # elif defined(HAVE_OPENGL_GL_H)
| #   include <OpenGL/gl.h>
| # else
| #   error no gl.h
| # endif
| int
| main ()
| {
| glBegin(0)
|   ;
|   return 0;
| }
configure:4758: gcc -o conftest -g -O2     -dylib_file /System/Library/Frameworks/OpenGL.framework/Versions/A/Libraries/libGL.dylib:/System/Library/Frameworks/OpenGL.framework/Versions/A/Libraries/libGL.dylib conftest.c -lopengl32  >&5
ld: library not found for -lopengl32
clang: error: linker command failed with exit code 1 (use -v to see invocation)
configure:4758: $? = 1
configure: failed program was:
| /* confdefs.h */
| #define PACKAGE_NAME "newhybrids"
| #define PACKAGE_TARNAME "newhybrids"
| #define PACKAGE_VERSION "2.0beta"
| #define PACKAGE_STRING "newhybrids 2.0beta"
| #define PACKAGE_BUGREPORT ""
| #define PACKAGE_URL ""
| #define PACKAGE "newhybrids"
| #define VERSION "2.0beta"
| #define STDC_HEADERS 1
| #define HAVE_SYS_TYPES_H 1
| #define HAVE_SYS_STAT_H 1
| #define HAVE_STDLIB_H 1
| #define HAVE_STRING_H 1
| #define HAVE_MEMORY_H 1
| #define HAVE_STRINGS_H 1
| #define HAVE_INTTYPES_H 1
| #define HAVE_STDINT_H 1
| #define HAVE_UNISTD_H 1
| #define HAVE_OPENGL_GL_H 1
| /* end confdefs.h.  */
| 
| # if defined(HAVE_WINDOWS_H) && defined(_WIN32)
| #   include <windows.h>
| # endif
| # ifdef HAVE_GL_GL_H
| #   include <GL/gl.h>
| # elif defined(HAVE_OPENGL_GL_H)
| #   include <OpenGL/gl.h>
| # else
| #   error no gl.h
| # endif
| int
| main ()
| {
| glBegin(0)
|   ;
|   return 0;
| }
configure:4732: gcc -o conftest -g -O2     conftest.c -lGL  >&5
ld: library not found for -lGL
clang: error: linker command failed with exit code 1 (use -v to see invocation)
configure:4732: $? = 1
configure: failed program was:
| /* confdefs.h */
| #define PACKAGE_NAME "newhybrids"
| #define PACKAGE_TARNAME "newhybrids"
| #define PACKAGE_VERSION "2.0beta"
| #define PACKAGE_STRING "newhybrids 2.0beta"
| #define PACKAGE_BUGREPORT ""
| #define PACKAGE_URL ""
| #define PACKAGE "newhybrids"
| #define VERSION "2.0beta"
| #define STDC_HEADERS 1
| #define HAVE_SYS_TYPES_H 1
| #define HAVE_SYS_STAT_H 1
| #define HAVE_STDLIB_H 1
| #define HAVE_STRING_H 1
| #define HAVE_MEMORY_H 1
| #define HAVE_STRINGS_H 1
| #define HAVE_INTTYPES_H 1
| #define HAVE_STDINT_H 1
| #define HAVE_UNISTD_H 1
| #define HAVE_OPENGL_GL_H 1
| /* end confdefs.h.  */
| 
| # if defined(HAVE_WINDOWS_H) && defined(_WIN32)
| #   include <windows.h>
| # endif
| # ifdef HAVE_GL_GL_H
| #   include <GL/gl.h>
| # elif defined(HAVE_OPENGL_GL_H)
| #   include <OpenGL/gl.h>
| # else
| #   error no gl.h
| # endif
| int
| main ()
| {
| glBegin(0)
|   ;
|   return 0;
| }
configure:4758: gcc -o conftest -g -O2     -dylib_file /System/Library/Frameworks/OpenGL.framework/Versions/A/Libraries/libGL.dylib:/System/Library/Frameworks/OpenGL.framework/Versions/A/Libraries/libGL.dylib conftest.c -lGL  >&5
ld: library not found for -lGL
clang: error: linker command failed with exit code 1 (use -v to see invocation)
configure:4758: $? = 1
configure: failed program was:
| /* confdefs.h */
| #define PACKAGE_NAME "newhybrids"
| #define PACKAGE_TARNAME "newhybrids"
| #define PACKAGE_VERSION "2.0beta"
| #define PACKAGE_STRING "newhybrids 2.0beta"
| #define PACKAGE_BUGREPORT ""
| #define PACKAGE_URL ""
| #define PACKAGE "newhybrids"
| #define VERSION "2.0beta"
| #define STDC_HEADERS 1
| #define HAVE_SYS_TYPES_H 1
| #define HAVE_SYS_STAT_H 1
| #define HAVE_STDLIB_H 1
| #define HAVE_STRING_H 1
| #define HAVE_MEMORY_H 1
| #define HAVE_STRINGS_H 1
| #define HAVE_INTTYPES_H 1
| #define HAVE_STDINT_H 1
| #define HAVE_UNISTD_H 1
| #define HAVE_OPENGL_GL_H 1
| /* end confdefs.h.  */
| 
| # if defined(HAVE_WINDOWS_H) && defined(_WIN32)
| #   include <windows.h>
| # endif
| # ifdef HAVE_GL_GL_H
| #   include <GL/gl.h>
| # elif defined(HAVE_OPENGL_GL_H)
| #   include <OpenGL/gl.h>
| # else
| #   error no gl.h
| # endif
| int
| main ()
| {
| glBegin(0)
|   ;
|   return 0;
| }
configure:4832: gcc -o conftest -g -O2    -framework OpenGL conftest.c  >&5
configure:4832: $? = 0
configure:4842: result: -framework OpenGL
configure:4918: checking for g++
configure:4934: found /usr/bin/g++
configure:4945: result: g++
configure:4972: checking for C++ compiler version
configure:4981: g++ --version >&5
Apple LLVM version 5.1 (clang-503.0.40) (based on LLVM 3.4svn)
Target: x86_64-apple-darwin13.2.0
Thread model: posix
Configured with: --prefix=/Library/Developer/CommandLineTools/usr --with-gxx-include-dir=/usr/include/c++/4.2.1
configure:4992: $? = 0
configure:4981: g++ -v >&5
Configured with: --prefix=/Library/Developer/CommandLineTools/usr --with-gxx-include-dir=/usr/include/c++/4.2.1
Apple LLVM version 5.1 (clang-503.0.40) (based on LLVM 3.4svn)
Target: x86_64-apple-darwin13.2.0
Thread model: posix
configure:4992: $? = 0
configure:4981: g++ -V >&5
clang: error: argument to '-V' is missing (expected 1 value)
clang: error: no input files
configure:4992: $? = 1
configure:4981: g++ -qversion >&5
clang: error: unknown argument: '-qversion' [-Wunused-command-line-argument-hard-error-in-future]
clang: note: this will be a hard error (cannot be downgraded to a warning) in the future
clang: error: no input files
configure:4992: $? = 1
configure:4996: checking whether we are using the GNU C++ compiler
configure:5015: g++ -c   conftest.cpp >&5
configure:5015: $? = 0
configure:5024: result: yes
configure:5033: checking whether g++ accepts -g
configure:5053: g++ -c -g  conftest.cpp >&5
configure:5053: $? = 0
configure:5094: result: yes
configure:5119: checking dependency style of g++
configure:5230: result: gcc3
configure:5253: checking for GL/glu.h
configure:5253: gcc -c -g -O2   conftest.c >&5
conftest.c:28:10: fatal error: 'GL/glu.h' file not found
#include <GL/glu.h>
         ^
1 error generated.
configure:5253: $? = 1
configure: failed program was:
| /* confdefs.h */
| #define PACKAGE_NAME "newhybrids"
| #define PACKAGE_TARNAME "newhybrids"
| #define PACKAGE_VERSION "2.0beta"
| #define PACKAGE_STRING "newhybrids 2.0beta"
| #define PACKAGE_BUGREPORT ""
| #define PACKAGE_URL ""
| #define PACKAGE "newhybrids"
| #define VERSION "2.0beta"
| #define STDC_HEADERS 1
| #define HAVE_SYS_TYPES_H 1
| #define HAVE_SYS_STAT_H 1
| #define HAVE_STDLIB_H 1
| #define HAVE_STRING_H 1
| #define HAVE_MEMORY_H 1
| #define HAVE_STRINGS_H 1
| #define HAVE_INTTYPES_H 1
| #define HAVE_STDINT_H 1
| #define HAVE_UNISTD_H 1
| #define HAVE_OPENGL_GL_H 1
| /* end confdefs.h.  */
| 
| # if defined(HAVE_WINDOWS_H) && defined(_WIN32)
| #   include <windows.h>
| # endif
| 
| 
| #include <GL/glu.h>
configure:5253: result: no
configure:5253: checking for OpenGL/glu.h
configure:5253: gcc -c -g -O2   conftest.c >&5
configure:5253: $? = 0
configure:5253: result: yes
configure:5272: checking for OpenGL Utility library
configure:5329: g++ -o conftest -g -O2    -framework OpenGL  conftest.cpp  >&5
conftest.cpp:37:1: warning: 'gluBeginCurve' is deprecated: first deprecated in OS X 10.9 [-Wdeprecated-declarations]
gluBeginCurve(0)
^
/System/Library/Frameworks/OpenGL.framework/Headers/glu.h:240:13: note: 'gluBeginCurve' declared here
extern void gluBeginCurve (GLUnurbs* nurb) OPENGL_DEPRECATED(10_0, 10_9);
            ^
1 warning generated.
configure:5329: $? = 0
configure:5390: result: yes
configure:5409: checking for varargs GLU tesselator callback function type
configure:5439: g++ -c  -g -O2  conftest.cpp >&5
conftest.cpp:32:22: error: no matching function for call to 'gluTessCallback'
GLvoid (*func)(...); gluTessCallback(0, 0, func)
                     ^~~~~~~~~~~~~~~
/System/Library/Frameworks/OpenGL.framework/Headers/glu.h:291:13: note: candidate function not viable: no known conversion from 'GLvoid (*)(...)' to 'GLvoid (*)()' for 3rd argument
extern void gluTessCallback (GLUtesselator* tess, GLenum which, GLvoid (*CallBackFunc)()) OPENGL_DEPRECATED(10_0, 10_9);
            ^
1 error generated.
configure:5439: $? = 1
configure: failed program was:
| /* confdefs.h */
| #define PACKAGE_NAME "newhybrids"
| #define PACKAGE_TARNAME "newhybrids"
| #define PACKAGE_VERSION "2.0beta"
| #define PACKAGE_STRING "newhybrids 2.0beta"
| #define PACKAGE_BUGREPORT ""
| #define PACKAGE_URL ""
| #define PACKAGE "newhybrids"
| #define VERSION "2.0beta"
| #define STDC_HEADERS 1
| #define HAVE_SYS_TYPES_H 1
| #define HAVE_SYS_STAT_H 1
| #define HAVE_STDLIB_H 1
| #define HAVE_STRING_H 1
| #define HAVE_MEMORY_H 1
| #define HAVE_STRINGS_H 1
| #define HAVE_INTTYPES_H 1
| #define HAVE_STDINT_H 1
| #define HAVE_UNISTD_H 1
| #define HAVE_OPENGL_GL_H 1
| #define HAVE_OPENGL_GLU_H 1
| /* end confdefs.h.  */
| 
| # ifdef HAVE_GL_GLU_H
| #   include <GL/glu.h>
| # else
| #   include <OpenGL/glu.h>
| # endif
| int
| main ()
| {
| GLvoid (*func)(...); gluTessCallback(0, 0, func)
|   ;
|   return 0;
| }
configure:5451: result: no
configure:5962: checking for XmuScreenOfWindow in -lXmu
configure:5987: gcc -o conftest -g -O2   conftest.c -lXmu     >&5
ld: library not found for -lXmu
clang: error: linker command failed with exit code 1 (use -v to see invocation)
configure:5987: $? = 1
configure: failed program was:
| /* confdefs.h */
| #define PACKAGE_NAME "newhybrids"
| #define PACKAGE_TARNAME "newhybrids"
| #define PACKAGE_VERSION "2.0beta"
| #define PACKAGE_STRING "newhybrids 2.0beta"
| #define PACKAGE_BUGREPORT ""
| #define PACKAGE_URL ""
| #define PACKAGE "newhybrids"
| #define VERSION "2.0beta"
| #define STDC_HEADERS 1
| #define HAVE_SYS_TYPES_H 1
| #define HAVE_SYS_STAT_H 1
| #define HAVE_STDLIB_H 1
| #define HAVE_STRING_H 1
| #define HAVE_MEMORY_H 1
| #define HAVE_STRINGS_H 1
| #define HAVE_INTTYPES_H 1
| #define HAVE_STDINT_H 1
| #define HAVE_UNISTD_H 1
| #define HAVE_OPENGL_GL_H 1
| #define HAVE_OPENGL_GLU_H 1
| #define X_DISPLAY_MISSING 1
| /* end confdefs.h.  */
| 
| /* Override any GCC internal prototype to avoid an error.
|    Use char because int might match the return type of a GCC
|    builtin and then its argument prototype would still apply.  */
| #ifdef __cplusplus
| extern "C"
| #endif
| char XmuScreenOfWindow ();
| int
| main ()
| {
| return XmuScreenOfWindow ();
|   ;
|   return 0;
| }
configure:5996: result: no
configure:6002: checking for XIQueryVersion in -lXi
configure:6027: gcc -o conftest -g -O2   conftest.c -lXi     >&5
ld: library not found for -lXi
clang: error: linker command failed with exit code 1 (use -v to see invocation)
configure:6027: $? = 1
configure: failed program was:
| /* confdefs.h */
| #define PACKAGE_NAME "newhybrids"
| #define PACKAGE_TARNAME "newhybrids"
| #define PACKAGE_VERSION "2.0beta"
| #define PACKAGE_STRING "newhybrids 2.0beta"
| #define PACKAGE_BUGREPORT ""
| #define PACKAGE_URL ""
| #define PACKAGE "newhybrids"
| #define VERSION "2.0beta"
| #define STDC_HEADERS 1
| #define HAVE_SYS_TYPES_H 1
| #define HAVE_SYS_STAT_H 1
| #define HAVE_STDLIB_H 1
| #define HAVE_STRING_H 1
| #define HAVE_MEMORY_H 1
| #define HAVE_STRINGS_H 1
| #define HAVE_INTTYPES_H 1
| #define HAVE_STDINT_H 1
| #define HAVE_UNISTD_H 1
| #define HAVE_OPENGL_GL_H 1
| #define HAVE_OPENGL_GLU_H 1
| #define X_DISPLAY_MISSING 1
| /* end confdefs.h.  */
| 
| /* Override any GCC internal prototype to avoid an error.
|    Use char because int might match the return type of a GCC
|    builtin and then its argument prototype would still apply.  */
| #ifdef __cplusplus
| extern "C"
| #endif
| char XIQueryVersion ();
| int
| main ()
| {
| return XIQueryVersion ();
|   ;
|   return 0;
| }
configure:6036: result: no
configure:6054: checking GL/glut.h usability
configure:6054: gcc -c -g -O2   conftest.c >&5
conftest.c:57:10: fatal error: 'GL/glut.h' file not found
#include <GL/glut.h>
         ^
1 error generated.
configure:6054: $? = 1
configure: failed program was:
| /* confdefs.h */
| #define PACKAGE_NAME "newhybrids"
| #define PACKAGE_TARNAME "newhybrids"
| #define PACKAGE_VERSION "2.0beta"
| #define PACKAGE_STRING "newhybrids 2.0beta"
| #define PACKAGE_BUGREPORT ""
| #define PACKAGE_URL ""
| #define PACKAGE "newhybrids"
| #define VERSION "2.0beta"
| #define STDC_HEADERS 1
| #define HAVE_SYS_TYPES_H 1
| #define HAVE_SYS_STAT_H 1
| #define HAVE_STDLIB_H 1
| #define HAVE_STRING_H 1
| #define HAVE_MEMORY_H 1
| #define HAVE_STRINGS_H 1
| #define HAVE_INTTYPES_H 1
| #define HAVE_STDINT_H 1
| #define HAVE_UNISTD_H 1
| #define HAVE_OPENGL_GL_H 1
| #define HAVE_OPENGL_GLU_H 1
| #define X_DISPLAY_MISSING 1
| /* end confdefs.h.  */
| #include <stdio.h>
| #ifdef HAVE_SYS_TYPES_H
| # include <sys/types.h>
| #endif
| #ifdef HAVE_SYS_STAT_H
| # include <sys/stat.h>
| #endif
| #ifdef STDC_HEADERS
| # include <stdlib.h>
| # include <stddef.h>
| #else
| # ifdef HAVE_STDLIB_H
| #  include <stdlib.h>
| # endif
| #endif
| #ifdef HAVE_STRING_H
| # if !defined STDC_HEADERS && defined HAVE_MEMORY_H
| #  include <memory.h>
| # endif
| # include <string.h>
| #endif
| #ifdef HAVE_STRINGS_H
| # include <strings.h>
| #endif
| #ifdef HAVE_INTTYPES_H
| # include <inttypes.h>
| #endif
| #ifdef HAVE_STDINT_H
| # include <stdint.h>
| #endif
| #ifdef HAVE_UNISTD_H
| # include <unistd.h>
| #endif
| #include <GL/glut.h>
configure:6054: result: no
configure:6054: checking GL/glut.h presence
configure:6054: gcc -E   conftest.c
conftest.c:24:10: fatal error: 'GL/glut.h' file not found
#include <GL/glut.h>
         ^
1 error generated.
configure:6054: $? = 1
configure: failed program was:
| /* confdefs.h */
| #define PACKAGE_NAME "newhybrids"
| #define PACKAGE_TARNAME "newhybrids"
| #define PACKAGE_VERSION "2.0beta"
| #define PACKAGE_STRING "newhybrids 2.0beta"
| #define PACKAGE_BUGREPORT ""
| #define PACKAGE_URL ""
| #define PACKAGE "newhybrids"
| #define VERSION "2.0beta"
| #define STDC_HEADERS 1
| #define HAVE_SYS_TYPES_H 1
| #define HAVE_SYS_STAT_H 1
| #define HAVE_STDLIB_H 1
| #define HAVE_STRING_H 1
| #define HAVE_MEMORY_H 1
| #define HAVE_STRINGS_H 1
| #define HAVE_INTTYPES_H 1
| #define HAVE_STDINT_H 1
| #define HAVE_UNISTD_H 1
| #define HAVE_OPENGL_GL_H 1
| #define HAVE_OPENGL_GLU_H 1
| #define X_DISPLAY_MISSING 1
| /* end confdefs.h.  */
| #include <GL/glut.h>
configure:6054: result: no
configure:6054: checking for GL/glut.h
configure:6054: result: no
configure:6054: checking GLUT/glut.h usability
configure:6054: gcc -c -g -O2   conftest.c >&5
configure:6054: $? = 0
configure:6054: result: yes
configure:6054: checking GLUT/glut.h presence
configure:6054: gcc -E   conftest.c
configure:6054: $? = 0
configure:6054: result: yes
configure:6054: checking for GLUT/glut.h
configure:6054: result: yes
configure:6070: checking for GLUT library
configure:6122: gcc -o conftest -g -O2    conftest.c -lglut32   >&5
conftest.c:39:1: warning: 'glutMainLoop' is deprecated: first deprecated in OS X 10.9 [-Wdeprecated-declarations]
glutMainLoop()
^
/System/Library/Frameworks/GLUT.framework/Headers/glut.h:438:22: note: 'glutMainLoop' declared here
extern void APIENTRY glutMainLoop(void) OPENGL_DEPRECATED(10_0, 10_9);
                     ^
1 warning generated.
ld: library not found for -lglut32
clang: error: linker command failed with exit code 1 (use -v to see invocation)
configure:6122: $? = 1
configure: failed program was:
| /* confdefs.h */
| #define PACKAGE_NAME "newhybrids"
| #define PACKAGE_TARNAME "newhybrids"
| #define PACKAGE_VERSION "2.0beta"
| #define PACKAGE_STRING "newhybrids 2.0beta"
| #define PACKAGE_BUGREPORT ""
| #define PACKAGE_URL ""
| #define PACKAGE "newhybrids"
| #define VERSION "2.0beta"
| #define STDC_HEADERS 1
| #define HAVE_SYS_TYPES_H 1
| #define HAVE_SYS_STAT_H 1
| #define HAVE_STDLIB_H 1
| #define HAVE_STRING_H 1
| #define HAVE_MEMORY_H 1
| #define HAVE_STRINGS_H 1
| #define HAVE_INTTYPES_H 1
| #define HAVE_STDINT_H 1
| #define HAVE_UNISTD_H 1
| #define HAVE_OPENGL_GL_H 1
| #define HAVE_OPENGL_GLU_H 1
| #define X_DISPLAY_MISSING 1
| #define HAVE_GLUT_GLUT_H 1
| /* end confdefs.h.  */
| 
| # if HAVE_WINDOWS_H && defined(_WIN32)
| #   include <windows.h>
| # endif
| # ifdef HAVE_GL_GLUT_H
| #   include <GL/glut.h>
| # elif defined(HAVE_GLUT_GLUT_H)
| #   include <GLUT/glut.h>
| # else
| #   error no glut.h
| # endif
| int
| main ()
| {
| glutMainLoop()
|   ;
|   return 0;
| }
configure:6122: gcc -o conftest -g -O2    conftest.c -lglut   >&5
conftest.c:39:1: warning: 'glutMainLoop' is deprecated: first deprecated in OS X 10.9 [-Wdeprecated-declarations]
glutMainLoop()
^
/System/Library/Frameworks/GLUT.framework/Headers/glut.h:438:22: note: 'glutMainLoop' declared here
extern void APIENTRY glutMainLoop(void) OPENGL_DEPRECATED(10_0, 10_9);
                     ^
1 warning generated.
ld: library not found for -lglut
clang: error: linker command failed with exit code 1 (use -v to see invocation)
configure:6122: $? = 1
configure: failed program was:
| /* confdefs.h */
| #define PACKAGE_NAME "newhybrids"
| #define PACKAGE_TARNAME "newhybrids"
| #define PACKAGE_VERSION "2.0beta"
| #define PACKAGE_STRING "newhybrids 2.0beta"
| #define PACKAGE_BUGREPORT ""
| #define PACKAGE_URL ""
| #define PACKAGE "newhybrids"
| #define VERSION "2.0beta"
| #define STDC_HEADERS 1
| #define HAVE_SYS_TYPES_H 1
| #define HAVE_SYS_STAT_H 1
| #define HAVE_STDLIB_H 1
| #define HAVE_STRING_H 1
| #define HAVE_MEMORY_H 1
| #define HAVE_STRINGS_H 1
| #define HAVE_INTTYPES_H 1
| #define HAVE_STDINT_H 1
| #define HAVE_UNISTD_H 1
| #define HAVE_OPENGL_GL_H 1
| #define HAVE_OPENGL_GLU_H 1
| #define X_DISPLAY_MISSING 1
| #define HAVE_GLUT_GLUT_H 1
| /* end confdefs.h.  */
| 
| # if HAVE_WINDOWS_H && defined(_WIN32)
| #   include <windows.h>
| # endif
| # ifdef HAVE_GL_GLUT_H
| #   include <GL/glut.h>
| # elif defined(HAVE_GLUT_GLUT_H)
| #   include <GLUT/glut.h>
| # else
| #   error no glut.h
| # endif
| int
| main ()
| {
| glutMainLoop()
|   ;
|   return 0;
| }
configure:6153: gcc -o conftest -g -O2    -framework GLUT conftest.c  >&5
conftest.c:39:1: warning: 'glutMainLoop' is deprecated: first deprecated in OS X 10.9 [-Wdeprecated-declarations]
glutMainLoop()
^
/System/Library/Frameworks/GLUT.framework/Headers/glut.h:438:22: note: 'glutMainLoop' declared here
extern void APIENTRY glutMainLoop(void) OPENGL_DEPRECATED(10_0, 10_9);
                     ^
1 warning generated.
configure:6153: $? = 0
configure:6169: result: -framework GLUT
configure:6224: checking for ranlib
configure:6240: found /usr/bin/ranlib
configure:6251: result: ranlib
configure:6321: checking for gcc
configure:6348: result: gcc
configure:6577: checking for C compiler version
configure:6586: gcc --version >&5
Apple LLVM version 5.1 (clang-503.0.40) (based on LLVM 3.4svn)
Target: x86_64-apple-darwin13.2.0
Thread model: posix
Configured with: --prefix=/Library/Developer/CommandLineTools/usr --with-gxx-include-dir=/usr/include/c++/4.2.1
configure:6597: $? = 0
configure:6586: gcc -v >&5
Configured with: --prefix=/Library/Developer/CommandLineTools/usr --with-gxx-include-dir=/usr/include/c++/4.2.1
Apple LLVM version 5.1 (clang-503.0.40) (based on LLVM 3.4svn)
Target: x86_64-apple-darwin13.2.0
Thread model: posix
configure:6597: $? = 0
configure:6586: gcc -V >&5
clang: error: argument to '-V' is missing (expected 1 value)
clang: error: no input files
configure:6597: $? = 1
configure:6586: gcc -qversion >&5
clang: error: unknown argument: '-qversion' [-Wunused-command-line-argument-hard-error-in-future]
clang: note: this will be a hard error (cannot be downgraded to a warning) in the future
clang: error: no input files
configure:6597: $? = 1
configure:6601: checking whether we are using the GNU C compiler
configure:6629: result: yes
configure:6638: checking whether gcc accepts -g
configure:6699: result: yes
configure:6716: checking for gcc option to accept ISO C89
configure:6792: result: none needed
configure:6817: checking whether gcc understands -c and -o together
configure:6854: result: yes
configure:6873: checking dependency style of gcc
configure:6984: result: gcc3
configure:7151: checking that generated files are newer than configure
configure:7157: result: done
configure:7188: creating ./config.status

## ---------------------- ##
## Running config.status. ##
## ---------------------- ##

This file was extended by newhybrids config.status 2.0beta, which was
generated by GNU Autoconf 2.69.  Invocation command line was

  CONFIG_FILES    = 
  CONFIG_HEADERS  = 
  CONFIG_LINKS    = 
  CONFIG_COMMANDS = 
  $ ./config.status 

on eriqbox.local

config.status:805: creating Makefile
config.status:977: executing depfiles commands
configure:8383: === configuring in eca-shared (/Users/eriq/Documents/git-repos/newhybrids/eca-shared)
configure:8446: running /bin/sh ./configure --disable-option-checking '--prefix=/usr/local'  '--without-x' --cache-file=/dev/null --srcdir=.

## ---------------- ##
## Cache variables. ##
## ---------------- ##

ac_cv_build=x86_64-apple-darwin13.2.0
ac_cv_c_compiler_gnu=yes
ac_cv_cxx_compiler_gnu=yes
ac_cv_env_CCC_set=
ac_cv_env_CCC_value=
ac_cv_env_CC_set=
ac_cv_env_CC_value=
ac_cv_env_CFLAGS_set=
ac_cv_env_CFLAGS_value=
ac_cv_env_CPPFLAGS_set=
ac_cv_env_CPPFLAGS_value=
ac_cv_env_CPP_set=
ac_cv_env_CPP_value=
ac_cv_env_CXXFLAGS_set=
ac_cv_env_CXXFLAGS_value=
ac_cv_env_CXX_set=
ac_cv_env_CXX_value=
ac_cv_env_LDFLAGS_set=
ac_cv_env_LDFLAGS_value=
ac_cv_env_LIBS_set=
ac_cv_env_LIBS_value=
ac_cv_env_XMKMF_set=
ac_cv_env_XMKMF_value=
ac_cv_env_build_alias_set=
ac_cv_env_build_alias_value=
ac_cv_env_host_alias_set=
ac_cv_env_host_alias_value=
ac_cv_env_target_alias_set=
ac_cv_env_target_alias_value=
ac_cv_header_GLUT_glut_h=yes
ac_cv_header_GL_gl_h=no
ac_cv_header_GL_glu_h=no
ac_cv_header_GL_glut_h=no
ac_cv_header_OpenGL_gl_h=yes
ac_cv_header_OpenGL_glu_h=yes
ac_cv_header_inttypes_h=yes
ac_cv_header_memory_h=yes
ac_cv_header_stdc=yes
ac_cv_header_stdint_h=yes
ac_cv_header_stdlib_h=yes
ac_cv_header_string_h=yes
ac_cv_header_strings_h=yes
ac_cv_header_sys_stat_h=yes
ac_cv_header_sys_types_h=yes
ac_cv_header_unistd_h=yes
ac_cv_header_windows_h=no
ac_cv_host=x86_64-apple-darwin13.2.0
ac_cv_lib_Xi_XIQueryVersion=no
ac_cv_lib_Xmu_XmuScreenOfWindow=no
ac_cv_objext=o
ac_cv_path_EGREP='/usr/bin/grep -E'
ac_cv_path_GREP=/usr/bin/grep
ac_cv_path_SED=/usr/bin/sed
ac_cv_path_install='/usr/bin/install -c'
ac_cv_prog_AWK=awk
ac_cv_prog_CPP='gcc -E'
ac_cv_prog_ac_ct_CC=gcc
ac_cv_prog_ac_ct_CXX=g++
ac_cv_prog_ac_ct_RANLIB=ranlib
ac_cv_prog_cc_c89=
ac_cv_prog_cc_g=yes
ac_cv_prog_cxx_g=yes
ac_cv_prog_make_make_set=yes
am_cv_CC_dependencies_compiler_type=gcc3
am_cv_CXX_dependencies_compiler_type=gcc3
am_cv_make_support_nested_variables=yes
am_cv_prog_cc_c_o=yes
ax_cv_c_compiler_ms=no
ax_cv_check_gl_libgl='-framework OpenGL'
ax_cv_check_glu_libglu=yes
ax_cv_check_glut_libglut='-framework GLUT'
ax_cv_varargs_glu_tesscb=no

## ----------------- ##
## Output variables. ##
## ----------------- ##

ACLOCAL='${SHELL} /Users/eriq/Documents/git-repos/newhybrids/missing aclocal-1.14'
AMDEPBACKSLASH='\'
AMDEP_FALSE='#'
AMDEP_TRUE=''
AMTAR='$${TAR-tar}'
AM_BACKSLASH='\'
AM_DEFAULT_V='$(AM_DEFAULT_VERBOSITY)'
AM_DEFAULT_VERBOSITY='1'
AM_V='$(V)'
AUTOCONF='${SHELL} /Users/eriq/Documents/git-repos/newhybrids/missing autoconf'
AUTOHEADER='${SHELL} /Users/eriq/Documents/git-repos/newhybrids/missing autoheader'
AUTOMAKE='${SHELL} /Users/eriq/Documents/git-repos/newhybrids/missing automake-1.14'
AWK='awk'
CC='gcc'
CCDEPMODE='depmode=gcc3'
CFLAGS='-g -O2'
CPP='gcc -E'
CPPFLAGS=''
CXX='g++'
CXXDEPMODE='depmode=gcc3'
CXXFLAGS='-g -O2'
CYGPATH_W='echo'
DEFS='-DPACKAGE_NAME=\"newhybrids\" -DPACKAGE_TARNAME=\"newhybrids\" -DPACKAGE_VERSION=\"2.0beta\" -DPACKAGE_STRING=\"newhybrids\ 2.0beta\" -DPACKAGE_BUGREPORT=\"\" -DPACKAGE_URL=\"\" -DPACKAGE=\"newhybrids\" -DVERSION=\"2.0beta\" -DSTDC_HEADERS=1 -DHAVE_SYS_TYPES_H=1 -DHAVE_SYS_STAT_H=1 -DHAVE_STDLIB_H=1 -DHAVE_STRING_H=1 -DHAVE_MEMORY_H=1 -DHAVE_STRINGS_H=1 -DHAVE_INTTYPES_H=1 -DHAVE_STDINT_H=1 -DHAVE_UNISTD_H=1 -DHAVE_OPENGL_GL_H=1 -DHAVE_OPENGL_GLU_H=1 -DX_DISPLAY_MISSING=1 -DHAVE_GLUT_GLUT_H=1'
DEPDIR='.deps'
ECHO_C='\c'
ECHO_N=''
ECHO_T=''
EGREP='/usr/bin/grep -E'
EXEEXT=''
GLUT_CFLAGS=''
GLUT_LIBS='-framework GLUT'
GLU_CFLAGS=''
GLU_LIBS=''
GL_CFLAGS=''
GL_LIBS='-framework OpenGL '
GREP='/usr/bin/grep'
INSTALL_DATA='${INSTALL} -m 644'
INSTALL_PROGRAM='${INSTALL}'
INSTALL_SCRIPT='${INSTALL}'
INSTALL_STRIP_PROGRAM='$(install_sh) -c -s'
LDFLAGS=''
LIBOBJS=''
LIBS=''
LTLIBOBJS=''
MAKEINFO='${SHELL} /Users/eriq/Documents/git-repos/newhybrids/missing makeinfo'
MKDIR_P='./install-sh -c -d'
OBJEXT='o'
PACKAGE='newhybrids'
PACKAGE_BUGREPORT=''
PACKAGE_NAME='newhybrids'
PACKAGE_STRING='newhybrids 2.0beta'
PACKAGE_TARNAME='newhybrids'
PACKAGE_URL=''
PACKAGE_VERSION='2.0beta'
PATH_SEPARATOR=':'
RANLIB='ranlib'
SED='/usr/bin/sed'
SET_MAKE=''
SHELL='/bin/sh'
STRIP=''
VERSION='2.0beta'
XMKMF=''
X_CFLAGS=''
X_EXTRA_LIBS=''
X_LIBS=''
X_PRE_LIBS=''
ac_ct_CC='gcc'
ac_ct_CXX='g++'
am__EXEEXT_FALSE=''
am__EXEEXT_TRUE='#'
am__fastdepCC_FALSE='#'
am__fastdepCC_TRUE=''
am__fastdepCXX_FALSE='#'
am__fastdepCXX_TRUE=''
am__include='include'
am__isrc=''
am__leading_dot='.'
am__nodep='_no'
am__quote=''
am__tar='$${TAR-tar} chof - "$$tardir"'
am__untar='$${TAR-tar} xf -'
bindir='${exec_prefix}/bin'
build='x86_64-apple-darwin13.2.0'
build_alias=''
build_cpu='x86_64'
build_os='darwin13.2.0'
build_vendor='apple'
datadir='${datarootdir}'
datarootdir='${prefix}/share'
docdir='${datarootdir}/doc/${PACKAGE_TARNAME}'
dvidir='${docdir}'
exec_prefix='${prefix}'
host='x86_64-apple-darwin13.2.0'
host_alias=''
host_cpu='x86_64'
host_os='darwin13.2.0'
host_vendor='apple'
htmldir='${docdir}'
includedir='${prefix}/include'
infodir='${datarootdir}/info'
install_sh='${SHELL} /Users/eriq/Documents/git-repos/newhybrids/install-sh'
libdir='${exec_prefix}/lib'
libexecdir='${exec_prefix}/libexec'
localedir='${datarootdir}/locale'
localstatedir='${prefix}/var'
mandir='${datarootdir}/man'
mkdir_p='$(MKDIR_P)'
oldincludedir='/usr/include'
pdfdir='${docdir}'
prefix='/usr/local'
program_transform_name='s,x,x,'
psdir='${docdir}'
sbindir='${exec_prefix}/sbin'
sharedstatedir='${prefix}/com'
subdirs=' eca-shared'
sysconfdir='${prefix}/etc'
target_alias=''

## ----------- ##
## confdefs.h. ##
## ----------- ##

/* confdefs.h */
#define PACKAGE_NAME "newhybrids"
#define PACKAGE_TARNAME "newhybrids"
#define PACKAGE_VERSION "2.0beta"
#define PACKAGE_STRING "newhybrids 2.0beta"
#define PACKAGE_BUGREPORT ""
#define PACKAGE_URL ""
#define PACKAGE "newhybrids"
#define VERSION "2.0beta"
#define STDC_HEADERS 1
#define HAVE_SYS_TYPES_H 1
#define HAVE_SYS_STAT_H 1
#define HAVE_STDLIB_H 1
#define HAVE_STRING_H 1
#define HAVE_MEMORY_H 1
#define HAVE_STRINGS_H 1
#define HAVE_INTTYPES_H 1
#define HAVE_STDINT_H 1
#define HAVE_UNISTD_H 1
#define HAVE_OPENGL_GL_H 1
#define HAVE_OPENGL_GLU_H 1
#define X_DISPLAY_MISSING 1
#define HAVE_GLUT_GLUT_H 1

configure: exit 0
